[2024-08-18T00:48:11.510+0000] {local_task_job_runner.py:120} INFO - ::group::Pre task execution logs
[2024-08-18T00:48:11.522+0000] {taskinstance.py:2076} INFO - Dependencies all met for dep_context=non-requeueable deps ti=<TaskInstance: predict_values_TS_26.get_cases_dataset.predict_data scheduled__2024-08-11T00:00:00+00:00 [queued]>
[2024-08-18T00:48:11.527+0000] {taskinstance.py:2076} INFO - Dependencies all met for dep_context=requeueable deps ti=<TaskInstance: predict_values_TS_26.get_cases_dataset.predict_data scheduled__2024-08-11T00:00:00+00:00 [queued]>
[2024-08-18T00:48:11.528+0000] {taskinstance.py:2306} INFO - Starting attempt 1 of 2
[2024-08-18T00:48:11.537+0000] {taskinstance.py:2330} INFO - Executing <Task(PythonOperator): get_cases_dataset.predict_data> on 2024-08-11 00:00:00+00:00
[2024-08-18T00:48:11.546+0000] {warnings.py:110} WARNING - /home/airflow/.local/lib/python3.12/site-packages/airflow/task/task_runner/standard_task_runner.py:61: DeprecationWarning: This process (pid=376) is multi-threaded, use of fork() may lead to deadlocks in the child.
  pid = os.fork()

[2024-08-18T00:48:11.547+0000] {standard_task_runner.py:63} INFO - Started process 640 to run task
[2024-08-18T00:48:11.547+0000] {standard_task_runner.py:90} INFO - Running: ['airflow', 'tasks', 'run', 'predict_values_TS_26', 'get_cases_dataset.predict_data', 'scheduled__2024-08-11T00:00:00+00:00', '--job-id', '179', '--raw', '--subdir', 'DAGS_FOLDER/etl.py', '--cfg-path', '/tmp/tmpqgy6fv6k']
[2024-08-18T00:48:11.548+0000] {standard_task_runner.py:91} INFO - Job 179: Subtask get_cases_dataset.predict_data
[2024-08-18T00:48:11.581+0000] {task_command.py:426} INFO - Running <TaskInstance: predict_values_TS_26.get_cases_dataset.predict_data scheduled__2024-08-11T00:00:00+00:00 [running]> on host 57503ef29846
[2024-08-18T00:48:11.639+0000] {taskinstance.py:2648} INFO - Exporting env vars: AIRFLOW_CTX_DAG_OWNER='Ruslan Solarev' AIRFLOW_CTX_DAG_ID='predict_values_TS_26' AIRFLOW_CTX_TASK_ID='get_cases_dataset.predict_data' AIRFLOW_CTX_EXECUTION_DATE='2024-08-11T00:00:00+00:00' AIRFLOW_CTX_TRY_NUMBER='1' AIRFLOW_CTX_DAG_RUN_ID='scheduled__2024-08-11T00:00:00+00:00'
[2024-08-18T00:48:11.640+0000] {taskinstance.py:430} INFO - ::endgroup::
[2024-08-18T00:48:11.668+0000] {logging_mixin.py:188} INFO - --------------------------------------------------
[2024-08-18T00:48:11.668+0000] {logging_mixin.py:188} INFO - Afghanistan
[2024-08-18T00:48:11.704+0000] {warnings.py:110} WARNING - /home/airflow/.local/lib/python3.12/site-packages/keras/src/layers/rnn/rnn.py:204: UserWarning: Do not pass an `input_shape`/`input_dim` argument to a layer. When using Sequential models, prefer using an `Input(shape)` object as the first layer in the model instead.
  super().__init__(**kwargs)

[2024-08-18T00:48:11.819+0000] {logging_mixin.py:188} INFO - Epoch 1/100
[2024-08-18T00:48:13.022+0000] {logging_mixin.py:188} INFO - 266/266 - 1s - 5ms/step - loss: 0.0552 - val_loss: 0.0131
[2024-08-18T00:48:13.023+0000] {logging_mixin.py:188} INFO - Epoch 2/100
[2024-08-18T00:48:13.267+0000] {logging_mixin.py:188} INFO - 266/266 - 0s - 913us/step - loss: 0.0552 - val_loss: 0.0131
[2024-08-18T00:48:13.267+0000] {logging_mixin.py:188} INFO - Epoch 3/100
[2024-08-18T00:48:13.491+0000] {logging_mixin.py:188} INFO - 266/266 - 0s - 837us/step - loss: 0.0552 - val_loss: 0.0131
[2024-08-18T00:48:13.491+0000] {logging_mixin.py:188} INFO - Epoch 4/100
[2024-08-18T00:48:13.715+0000] {logging_mixin.py:188} INFO - 266/266 - 0s - 838us/step - loss: 0.0552 - val_loss: 0.0131
[2024-08-18T00:48:13.716+0000] {logging_mixin.py:188} INFO - Epoch 5/100
[2024-08-18T00:48:13.954+0000] {logging_mixin.py:188} INFO - 266/266 - 0s - 894us/step - loss: 0.0552 - val_loss: 0.0131
[2024-08-18T00:48:13.955+0000] {logging_mixin.py:188} INFO - Epoch 6/100
[2024-08-18T00:48:14.185+0000] {logging_mixin.py:188} INFO - 266/266 - 0s - 864us/step - loss: 0.0552 - val_loss: 0.0131
[2024-08-18T00:48:14.186+0000] {logging_mixin.py:188} INFO - Epoch 7/100
[2024-08-18T00:48:14.417+0000] {logging_mixin.py:188} INFO - 266/266 - 0s - 864us/step - loss: 0.0552 - val_loss: 0.0131
[2024-08-18T00:48:14.417+0000] {logging_mixin.py:188} INFO - Epoch 8/100
[2024-08-18T00:48:14.651+0000] {logging_mixin.py:188} INFO - 266/266 - 0s - 876us/step - loss: 0.0552 - val_loss: 0.0131
[2024-08-18T00:48:14.652+0000] {logging_mixin.py:188} INFO - Epoch 9/100
[2024-08-18T00:48:14.899+0000] {logging_mixin.py:188} INFO - 266/266 - 0s - 925us/step - loss: 0.0552 - val_loss: 0.0131
[2024-08-18T00:48:15.013+0000] {logging_mixin.py:188} INFO -  1/10 ━━━━━━━━━━━━━━━━━━━━ 0s 85ms/step
[2024-08-18T00:48:15.098+0000] {logging_mixin.py:188} INFO - 10/10 ━━━━━━━━━━━━━━━━━━━━ 0s 9ms/step 
[2024-08-18T00:48:15.098+0000] {logging_mixin.py:188} INFO - 10/10 ━━━━━━━━━━━━━━━━━━━━ 0s 9ms/step
[2024-08-18T00:48:15.143+0000] {logging_mixin.py:188} INFO - 1/2 ━━━━━━━━━━━━━━━━━━━━ 0s 11ms/step
[2024-08-18T00:48:15.144+0000] {logging_mixin.py:188} INFO - 2/2 ━━━━━━━━━━━━━━━━━━━━ 0s 1ms/step
[2024-08-18T00:48:15.149+0000] {logging_mixin.py:188} INFO - Train RMSE: 198.31899446820262
[2024-08-18T00:48:15.149+0000] {logging_mixin.py:188} INFO - Test RMSE: 48.97758233547846
[2024-08-18T00:48:15.193+0000] {logging_mixin.py:188} INFO - 1/1 ━━━━━━━━━━━━━━━━━━━━ 0s 12ms/step
[2024-08-18T00:48:15.193+0000] {logging_mixin.py:188} INFO - 1/1 ━━━━━━━━━━━━━━━━━━━━ 0s 12ms/step
[2024-08-18T00:48:15.230+0000] {logging_mixin.py:188} INFO - 1/1 ━━━━━━━━━━━━━━━━━━━━ 0s 11ms/step
[2024-08-18T00:48:15.230+0000] {logging_mixin.py:188} INFO - 1/1 ━━━━━━━━━━━━━━━━━━━━ 0s 12ms/step
[2024-08-18T00:48:15.267+0000] {logging_mixin.py:188} INFO - 1/1 ━━━━━━━━━━━━━━━━━━━━ 0s 11ms/step
[2024-08-18T00:48:15.267+0000] {logging_mixin.py:188} INFO - 1/1 ━━━━━━━━━━━━━━━━━━━━ 0s 12ms/step
[2024-08-18T00:48:15.307+0000] {logging_mixin.py:188} INFO - 1/1 ━━━━━━━━━━━━━━━━━━━━ 0s 11ms/step
[2024-08-18T00:48:15.307+0000] {logging_mixin.py:188} INFO - 1/1 ━━━━━━━━━━━━━━━━━━━━ 0s 12ms/step
[2024-08-18T00:48:15.345+0000] {logging_mixin.py:188} INFO - 1/1 ━━━━━━━━━━━━━━━━━━━━ 0s 12ms/step
[2024-08-18T00:48:15.346+0000] {logging_mixin.py:188} INFO - 1/1 ━━━━━━━━━━━━━━━━━━━━ 0s 13ms/step
[2024-08-18T00:48:15.381+0000] {logging_mixin.py:188} INFO - 1/1 ━━━━━━━━━━━━━━━━━━━━ 0s 11ms/step
[2024-08-18T00:48:15.381+0000] {logging_mixin.py:188} INFO - 1/1 ━━━━━━━━━━━━━━━━━━━━ 0s 12ms/step
[2024-08-18T00:48:15.421+0000] {logging_mixin.py:188} INFO - 1/1 ━━━━━━━━━━━━━━━━━━━━ 0s 13ms/step
[2024-08-18T00:48:15.421+0000] {logging_mixin.py:188} INFO - 1/1 ━━━━━━━━━━━━━━━━━━━━ 0s 13ms/step
[2024-08-18T00:48:15.460+0000] {logging_mixin.py:188} INFO - 1/1 ━━━━━━━━━━━━━━━━━━━━ 0s 12ms/step
[2024-08-18T00:48:15.461+0000] {logging_mixin.py:188} INFO - 1/1 ━━━━━━━━━━━━━━━━━━━━ 0s 13ms/step
[2024-08-18T00:48:15.499+0000] {logging_mixin.py:188} INFO - 1/1 ━━━━━━━━━━━━━━━━━━━━ 0s 12ms/step
[2024-08-18T00:48:15.499+0000] {logging_mixin.py:188} INFO - 1/1 ━━━━━━━━━━━━━━━━━━━━ 0s 13ms/step
[2024-08-18T00:48:15.540+0000] {logging_mixin.py:188} INFO - 1/1 ━━━━━━━━━━━━━━━━━━━━ 0s 13ms/step
[2024-08-18T00:48:15.540+0000] {logging_mixin.py:188} INFO - 1/1 ━━━━━━━━━━━━━━━━━━━━ 0s 14ms/step
[2024-08-18T00:48:15.577+0000] {logging_mixin.py:188} INFO - 1/1 ━━━━━━━━━━━━━━━━━━━━ 0s 12ms/step
[2024-08-18T00:48:15.577+0000] {logging_mixin.py:188} INFO - 1/1 ━━━━━━━━━━━━━━━━━━━━ 0s 13ms/step
[2024-08-18T00:48:15.614+0000] {logging_mixin.py:188} INFO - 1/1 ━━━━━━━━━━━━━━━━━━━━ 0s 12ms/step
[2024-08-18T00:48:15.615+0000] {logging_mixin.py:188} INFO - 1/1 ━━━━━━━━━━━━━━━━━━━━ 0s 12ms/step
[2024-08-18T00:48:15.654+0000] {logging_mixin.py:188} INFO - 1/1 ━━━━━━━━━━━━━━━━━━━━ 0s 13ms/step
[2024-08-18T00:48:15.655+0000] {logging_mixin.py:188} INFO - 1/1 ━━━━━━━━━━━━━━━━━━━━ 0s 13ms/step
[2024-08-18T00:48:15.692+0000] {logging_mixin.py:188} INFO - 1/1 ━━━━━━━━━━━━━━━━━━━━ 0s 11ms/step
[2024-08-18T00:48:15.692+0000] {logging_mixin.py:188} INFO - 1/1 ━━━━━━━━━━━━━━━━━━━━ 0s 11ms/step
[2024-08-18T00:48:15.728+0000] {logging_mixin.py:188} INFO - 1/1 ━━━━━━━━━━━━━━━━━━━━ 0s 11ms/step
[2024-08-18T00:48:15.728+0000] {logging_mixin.py:188} INFO - 1/1 ━━━━━━━━━━━━━━━━━━━━ 0s 12ms/step
[2024-08-18T00:48:15.765+0000] {logging_mixin.py:188} INFO - 1/1 ━━━━━━━━━━━━━━━━━━━━ 0s 12ms/step
[2024-08-18T00:48:15.766+0000] {logging_mixin.py:188} INFO - 1/1 ━━━━━━━━━━━━━━━━━━━━ 0s 12ms/step
[2024-08-18T00:48:15.804+0000] {logging_mixin.py:188} INFO - 1/1 ━━━━━━━━━━━━━━━━━━━━ 0s 12ms/step
[2024-08-18T00:48:15.805+0000] {logging_mixin.py:188} INFO - 1/1 ━━━━━━━━━━━━━━━━━━━━ 0s 13ms/step
[2024-08-18T00:48:15.842+0000] {logging_mixin.py:188} INFO - 1/1 ━━━━━━━━━━━━━━━━━━━━ 0s 12ms/step
[2024-08-18T00:48:15.842+0000] {logging_mixin.py:188} INFO - 1/1 ━━━━━━━━━━━━━━━━━━━━ 0s 12ms/step
[2024-08-18T00:48:15.888+0000] {logging_mixin.py:188} INFO - 1/1 ━━━━━━━━━━━━━━━━━━━━ 0s 17ms/step
[2024-08-18T00:48:15.889+0000] {logging_mixin.py:188} INFO - 1/1 ━━━━━━━━━━━━━━━━━━━━ 0s 18ms/step
[2024-08-18T00:48:15.936+0000] {logging_mixin.py:188} INFO - 1/1 ━━━━━━━━━━━━━━━━━━━━ 0s 14ms/step
[2024-08-18T00:48:15.937+0000] {logging_mixin.py:188} INFO - 1/1 ━━━━━━━━━━━━━━━━━━━━ 0s 14ms/step
[2024-08-18T00:48:15.985+0000] {logging_mixin.py:188} INFO - 1/1 ━━━━━━━━━━━━━━━━━━━━ 0s 14ms/step
[2024-08-18T00:48:15.986+0000] {logging_mixin.py:188} INFO - 1/1 ━━━━━━━━━━━━━━━━━━━━ 0s 15ms/step
[2024-08-18T00:48:16.044+0000] {logging_mixin.py:188} INFO - 1/1 ━━━━━━━━━━━━━━━━━━━━ 0s 14ms/step
[2024-08-18T00:48:16.045+0000] {logging_mixin.py:188} INFO - 1/1 ━━━━━━━━━━━━━━━━━━━━ 0s 15ms/step
[2024-08-18T00:48:16.085+0000] {logging_mixin.py:188} INFO - 1/1 ━━━━━━━━━━━━━━━━━━━━ 0s 13ms/step
[2024-08-18T00:48:16.086+0000] {logging_mixin.py:188} INFO - 1/1 ━━━━━━━━━━━━━━━━━━━━ 0s 14ms/step
[2024-08-18T00:48:16.125+0000] {logging_mixin.py:188} INFO - 1/1 ━━━━━━━━━━━━━━━━━━━━ 0s 13ms/step
[2024-08-18T00:48:16.125+0000] {logging_mixin.py:188} INFO - 1/1 ━━━━━━━━━━━━━━━━━━━━ 0s 13ms/step
[2024-08-18T00:48:16.165+0000] {logging_mixin.py:188} INFO - 1/1 ━━━━━━━━━━━━━━━━━━━━ 0s 13ms/step
[2024-08-18T00:48:16.166+0000] {logging_mixin.py:188} INFO - 1/1 ━━━━━━━━━━━━━━━━━━━━ 0s 14ms/step
[2024-08-18T00:48:16.208+0000] {logging_mixin.py:188} INFO - 1/1 ━━━━━━━━━━━━━━━━━━━━ 0s 12ms/step
[2024-08-18T00:48:16.208+0000] {logging_mixin.py:188} INFO - 1/1 ━━━━━━━━━━━━━━━━━━━━ 0s 13ms/step
[2024-08-18T00:48:16.247+0000] {logging_mixin.py:188} INFO - 1/1 ━━━━━━━━━━━━━━━━━━━━ 0s 12ms/step
[2024-08-18T00:48:16.247+0000] {logging_mixin.py:188} INFO - 1/1 ━━━━━━━━━━━━━━━━━━━━ 0s 12ms/step
[2024-08-18T00:48:16.294+0000] {logging_mixin.py:188} INFO - 1/1 ━━━━━━━━━━━━━━━━━━━━ 0s 13ms/step
[2024-08-18T00:48:16.295+0000] {logging_mixin.py:188} INFO - 1/1 ━━━━━━━━━━━━━━━━━━━━ 0s 14ms/step
[2024-08-18T00:48:16.333+0000] {logging_mixin.py:188} INFO - 1/1 ━━━━━━━━━━━━━━━━━━━━ 0s 13ms/step
[2024-08-18T00:48:16.334+0000] {logging_mixin.py:188} INFO - 1/1 ━━━━━━━━━━━━━━━━━━━━ 0s 13ms/step
[2024-08-18T00:48:16.375+0000] {logging_mixin.py:188} INFO - 1/1 ━━━━━━━━━━━━━━━━━━━━ 0s 11ms/step
[2024-08-18T00:48:16.376+0000] {logging_mixin.py:188} INFO - 1/1 ━━━━━━━━━━━━━━━━━━━━ 0s 12ms/step
[2024-08-18T00:48:16.414+0000] {logging_mixin.py:188} INFO - 1/1 ━━━━━━━━━━━━━━━━━━━━ 0s 12ms/step
[2024-08-18T00:48:16.414+0000] {logging_mixin.py:188} INFO - 1/1 ━━━━━━━━━━━━━━━━━━━━ 0s 12ms/step
[2024-08-18T00:48:16.451+0000] {logging_mixin.py:188} INFO - 1/1 ━━━━━━━━━━━━━━━━━━━━ 0s 12ms/step
[2024-08-18T00:48:16.452+0000] {logging_mixin.py:188} INFO - 1/1 ━━━━━━━━━━━━━━━━━━━━ 0s 13ms/step
[2024-08-18T00:48:16.490+0000] {logging_mixin.py:188} INFO - 1/1 ━━━━━━━━━━━━━━━━━━━━ 0s 12ms/step
[2024-08-18T00:48:16.491+0000] {logging_mixin.py:188} INFO - 1/1 ━━━━━━━━━━━━━━━━━━━━ 0s 13ms/step
[2024-08-18T00:48:16.531+0000] {logging_mixin.py:188} INFO - 1/1 ━━━━━━━━━━━━━━━━━━━━ 0s 11ms/step
[2024-08-18T00:48:16.531+0000] {logging_mixin.py:188} INFO - 1/1 ━━━━━━━━━━━━━━━━━━━━ 0s 12ms/step
[2024-08-18T00:48:16.569+0000] {logging_mixin.py:188} INFO - 1/1 ━━━━━━━━━━━━━━━━━━━━ 0s 11ms/step
[2024-08-18T00:48:16.570+0000] {logging_mixin.py:188} INFO - 1/1 ━━━━━━━━━━━━━━━━━━━━ 0s 12ms/step
[2024-08-18T00:48:16.610+0000] {logging_mixin.py:188} INFO - 1/1 ━━━━━━━━━━━━━━━━━━━━ 0s 11ms/step
[2024-08-18T00:48:16.610+0000] {logging_mixin.py:188} INFO - 1/1 ━━━━━━━━━━━━━━━━━━━━ 0s 12ms/step
[2024-08-18T00:48:16.654+0000] {logging_mixin.py:188} INFO - 1/1 ━━━━━━━━━━━━━━━━━━━━ 0s 15ms/step
[2024-08-18T00:48:16.655+0000] {logging_mixin.py:188} INFO - 1/1 ━━━━━━━━━━━━━━━━━━━━ 0s 16ms/step
[2024-08-18T00:48:16.705+0000] {logging_mixin.py:188} INFO - 1/1 ━━━━━━━━━━━━━━━━━━━━ 0s 14ms/step
[2024-08-18T00:48:16.705+0000] {logging_mixin.py:188} INFO - 1/1 ━━━━━━━━━━━━━━━━━━━━ 0s 14ms/step
[2024-08-18T00:48:16.746+0000] {logging_mixin.py:188} INFO - 1/1 ━━━━━━━━━━━━━━━━━━━━ 0s 12ms/step
[2024-08-18T00:48:16.746+0000] {logging_mixin.py:188} INFO - 1/1 ━━━━━━━━━━━━━━━━━━━━ 0s 12ms/step
[2024-08-18T00:48:16.783+0000] {logging_mixin.py:188} INFO - 1/1 ━━━━━━━━━━━━━━━━━━━━ 0s 12ms/step
[2024-08-18T00:48:16.784+0000] {logging_mixin.py:188} INFO - 1/1 ━━━━━━━━━━━━━━━━━━━━ 0s 12ms/step
[2024-08-18T00:48:16.821+0000] {logging_mixin.py:188} INFO - 1/1 ━━━━━━━━━━━━━━━━━━━━ 0s 12ms/step
[2024-08-18T00:48:16.822+0000] {logging_mixin.py:188} INFO - 1/1 ━━━━━━━━━━━━━━━━━━━━ 0s 13ms/step
[2024-08-18T00:48:16.857+0000] {logging_mixin.py:188} INFO - 1/1 ━━━━━━━━━━━━━━━━━━━━ 0s 11ms/step
[2024-08-18T00:48:16.858+0000] {logging_mixin.py:188} INFO - 1/1 ━━━━━━━━━━━━━━━━━━━━ 0s 11ms/step
[2024-08-18T00:48:16.926+0000] {logging_mixin.py:188} INFO - 1/1 ━━━━━━━━━━━━━━━━━━━━ 0s 14ms/step
[2024-08-18T00:48:16.926+0000] {logging_mixin.py:188} INFO - 1/1 ━━━━━━━━━━━━━━━━━━━━ 0s 15ms/step
[2024-08-18T00:48:16.976+0000] {logging_mixin.py:188} INFO - 1/1 ━━━━━━━━━━━━━━━━━━━━ 0s 14ms/step
[2024-08-18T00:48:16.977+0000] {logging_mixin.py:188} INFO - 1/1 ━━━━━━━━━━━━━━━━━━━━ 0s 14ms/step
[2024-08-18T00:48:17.022+0000] {logging_mixin.py:188} INFO - 1/1 ━━━━━━━━━━━━━━━━━━━━ 0s 18ms/step
[2024-08-18T00:48:17.023+0000] {logging_mixin.py:188} INFO - 1/1 ━━━━━━━━━━━━━━━━━━━━ 0s 19ms/step
[2024-08-18T00:48:17.068+0000] {logging_mixin.py:188} INFO - 1/1 ━━━━━━━━━━━━━━━━━━━━ 0s 12ms/step
[2024-08-18T00:48:17.068+0000] {logging_mixin.py:188} INFO - 1/1 ━━━━━━━━━━━━━━━━━━━━ 0s 12ms/step
[2024-08-18T00:48:17.106+0000] {logging_mixin.py:188} INFO - 1/1 ━━━━━━━━━━━━━━━━━━━━ 0s 12ms/step
[2024-08-18T00:48:17.107+0000] {logging_mixin.py:188} INFO - 1/1 ━━━━━━━━━━━━━━━━━━━━ 0s 12ms/step
[2024-08-18T00:48:17.153+0000] {logging_mixin.py:188} INFO - 1/1 ━━━━━━━━━━━━━━━━━━━━ 0s 15ms/step
[2024-08-18T00:48:17.154+0000] {logging_mixin.py:188} INFO - 1/1 ━━━━━━━━━━━━━━━━━━━━ 0s 16ms/step
[2024-08-18T00:48:17.195+0000] {logging_mixin.py:188} INFO - 1/1 ━━━━━━━━━━━━━━━━━━━━ 0s 12ms/step
[2024-08-18T00:48:17.196+0000] {logging_mixin.py:188} INFO - 1/1 ━━━━━━━━━━━━━━━━━━━━ 0s 13ms/step
[2024-08-18T00:48:17.240+0000] {logging_mixin.py:188} INFO - 1/1 ━━━━━━━━━━━━━━━━━━━━ 0s 14ms/step
[2024-08-18T00:48:17.240+0000] {logging_mixin.py:188} INFO - 1/1 ━━━━━━━━━━━━━━━━━━━━ 0s 14ms/step
[2024-08-18T00:48:17.284+0000] {logging_mixin.py:188} INFO - 1/1 ━━━━━━━━━━━━━━━━━━━━ 0s 12ms/step
[2024-08-18T00:48:17.285+0000] {logging_mixin.py:188} INFO - 1/1 ━━━━━━━━━━━━━━━━━━━━ 0s 12ms/step
[2024-08-18T00:48:17.322+0000] {logging_mixin.py:188} INFO - 1/1 ━━━━━━━━━━━━━━━━━━━━ 0s 11ms/step
[2024-08-18T00:48:17.322+0000] {logging_mixin.py:188} INFO - 1/1 ━━━━━━━━━━━━━━━━━━━━ 0s 12ms/step
[2024-08-18T00:48:17.362+0000] {logging_mixin.py:188} INFO - 1/1 ━━━━━━━━━━━━━━━━━━━━ 0s 14ms/step
[2024-08-18T00:48:17.364+0000] {logging_mixin.py:188} INFO - 1/1 ━━━━━━━━━━━━━━━━━━━━ 0s 15ms/step
[2024-08-18T00:48:17.412+0000] {logging_mixin.py:188} INFO - 1/1 ━━━━━━━━━━━━━━━━━━━━ 0s 15ms/step
[2024-08-18T00:48:17.412+0000] {logging_mixin.py:188} INFO - 1/1 ━━━━━━━━━━━━━━━━━━━━ 0s 15ms/step
[2024-08-18T00:48:17.450+0000] {logging_mixin.py:188} INFO - 1/1 ━━━━━━━━━━━━━━━━━━━━ 0s 11ms/step
[2024-08-18T00:48:17.450+0000] {logging_mixin.py:188} INFO - 1/1 ━━━━━━━━━━━━━━━━━━━━ 0s 12ms/step
[2024-08-18T00:48:17.486+0000] {logging_mixin.py:188} INFO - 1/1 ━━━━━━━━━━━━━━━━━━━━ 0s 11ms/step
[2024-08-18T00:48:17.486+0000] {logging_mixin.py:188} INFO - 1/1 ━━━━━━━━━━━━━━━━━━━━ 0s 12ms/step
[2024-08-18T00:48:17.523+0000] {logging_mixin.py:188} INFO - 1/1 ━━━━━━━━━━━━━━━━━━━━ 0s 11ms/step
[2024-08-18T00:48:17.523+0000] {logging_mixin.py:188} INFO - 1/1 ━━━━━━━━━━━━━━━━━━━━ 0s 12ms/step
[2024-08-18T00:48:17.564+0000] {logging_mixin.py:188} INFO - 1/1 ━━━━━━━━━━━━━━━━━━━━ 0s 13ms/step
[2024-08-18T00:48:17.564+0000] {logging_mixin.py:188} INFO - 1/1 ━━━━━━━━━━━━━━━━━━━━ 0s 13ms/step
[2024-08-18T00:48:17.602+0000] {logging_mixin.py:188} INFO - 1/1 ━━━━━━━━━━━━━━━━━━━━ 0s 11ms/step
[2024-08-18T00:48:17.602+0000] {logging_mixin.py:188} INFO - 1/1 ━━━━━━━━━━━━━━━━━━━━ 0s 12ms/step
[2024-08-18T00:48:17.641+0000] {logging_mixin.py:188} INFO - 1/1 ━━━━━━━━━━━━━━━━━━━━ 0s 12ms/step
[2024-08-18T00:48:17.642+0000] {logging_mixin.py:188} INFO - 1/1 ━━━━━━━━━━━━━━━━━━━━ 0s 13ms/step
[2024-08-18T00:48:17.680+0000] {logging_mixin.py:188} INFO - 1/1 ━━━━━━━━━━━━━━━━━━━━ 0s 12ms/step
[2024-08-18T00:48:17.681+0000] {logging_mixin.py:188} INFO - 1/1 ━━━━━━━━━━━━━━━━━━━━ 0s 13ms/step
[2024-08-18T00:48:17.719+0000] {logging_mixin.py:188} INFO - 1/1 ━━━━━━━━━━━━━━━━━━━━ 0s 12ms/step
[2024-08-18T00:48:17.719+0000] {logging_mixin.py:188} INFO - 1/1 ━━━━━━━━━━━━━━━━━━━━ 0s 13ms/step
[2024-08-18T00:48:17.758+0000] {logging_mixin.py:188} INFO - 1/1 ━━━━━━━━━━━━━━━━━━━━ 0s 12ms/step
[2024-08-18T00:48:17.759+0000] {logging_mixin.py:188} INFO - 1/1 ━━━━━━━━━━━━━━━━━━━━ 0s 12ms/step
[2024-08-18T00:48:17.796+0000] {logging_mixin.py:188} INFO - 1/1 ━━━━━━━━━━━━━━━━━━━━ 0s 11ms/step
[2024-08-18T00:48:17.796+0000] {logging_mixin.py:188} INFO - 1/1 ━━━━━━━━━━━━━━━━━━━━ 0s 12ms/step
[2024-08-18T00:48:17.832+0000] {logging_mixin.py:188} INFO - 1/1 ━━━━━━━━━━━━━━━━━━━━ 0s 12ms/step
[2024-08-18T00:48:17.833+0000] {logging_mixin.py:188} INFO - 1/1 ━━━━━━━━━━━━━━━━━━━━ 0s 12ms/step
[2024-08-18T00:48:17.889+0000] {logging_mixin.py:188} INFO - 1/1 ━━━━━━━━━━━━━━━━━━━━ 0s 11ms/step
[2024-08-18T00:48:17.890+0000] {logging_mixin.py:188} INFO - 1/1 ━━━━━━━━━━━━━━━━━━━━ 0s 12ms/step
[2024-08-18T00:48:17.926+0000] {logging_mixin.py:188} INFO - 1/1 ━━━━━━━━━━━━━━━━━━━━ 0s 11ms/step
[2024-08-18T00:48:17.926+0000] {logging_mixin.py:188} INFO - 1/1 ━━━━━━━━━━━━━━━━━━━━ 0s 12ms/step
[2024-08-18T00:48:17.964+0000] {logging_mixin.py:188} INFO - 1/1 ━━━━━━━━━━━━━━━━━━━━ 0s 12ms/step
[2024-08-18T00:48:17.965+0000] {logging_mixin.py:188} INFO - 1/1 ━━━━━━━━━━━━━━━━━━━━ 0s 12ms/step
[2024-08-18T00:48:18.008+0000] {logging_mixin.py:188} INFO - 1/1 ━━━━━━━━━━━━━━━━━━━━ 0s 14ms/step
[2024-08-18T00:48:18.008+0000] {logging_mixin.py:188} INFO - 1/1 ━━━━━━━━━━━━━━━━━━━━ 0s 14ms/step
[2024-08-18T00:48:18.048+0000] {logging_mixin.py:188} INFO - 1/1 ━━━━━━━━━━━━━━━━━━━━ 0s 11ms/step
[2024-08-18T00:48:18.048+0000] {logging_mixin.py:188} INFO - 1/1 ━━━━━━━━━━━━━━━━━━━━ 0s 11ms/step
[2024-08-18T00:48:18.088+0000] {logging_mixin.py:188} INFO - 1/1 ━━━━━━━━━━━━━━━━━━━━ 0s 12ms/step
[2024-08-18T00:48:18.089+0000] {logging_mixin.py:188} INFO - 1/1 ━━━━━━━━━━━━━━━━━━━━ 0s 13ms/step
[2024-08-18T00:48:18.133+0000] {logging_mixin.py:188} INFO - 1/1 ━━━━━━━━━━━━━━━━━━━━ 0s 12ms/step
[2024-08-18T00:48:18.139+0000] {logging_mixin.py:188} INFO - 1/1 ━━━━━━━━━━━━━━━━━━━━ 0s 17ms/step
[2024-08-18T00:48:18.176+0000] {logging_mixin.py:188} INFO - 1/1 ━━━━━━━━━━━━━━━━━━━━ 0s 12ms/step
[2024-08-18T00:48:18.176+0000] {logging_mixin.py:188} INFO - 1/1 ━━━━━━━━━━━━━━━━━━━━ 0s 12ms/step
[2024-08-18T00:48:18.213+0000] {logging_mixin.py:188} INFO - 1/1 ━━━━━━━━━━━━━━━━━━━━ 0s 12ms/step
[2024-08-18T00:48:18.214+0000] {logging_mixin.py:188} INFO - 1/1 ━━━━━━━━━━━━━━━━━━━━ 0s 13ms/step
[2024-08-18T00:48:18.251+0000] {logging_mixin.py:188} INFO - 1/1 ━━━━━━━━━━━━━━━━━━━━ 0s 11ms/step
[2024-08-18T00:48:18.252+0000] {logging_mixin.py:188} INFO - 1/1 ━━━━━━━━━━━━━━━━━━━━ 0s 12ms/step
[2024-08-18T00:48:18.289+0000] {logging_mixin.py:188} INFO - 1/1 ━━━━━━━━━━━━━━━━━━━━ 0s 11ms/step
[2024-08-18T00:48:18.290+0000] {logging_mixin.py:188} INFO - 1/1 ━━━━━━━━━━━━━━━━━━━━ 0s 12ms/step
[2024-08-18T00:48:18.327+0000] {logging_mixin.py:188} INFO - 1/1 ━━━━━━━━━━━━━━━━━━━━ 0s 12ms/step
[2024-08-18T00:48:18.328+0000] {logging_mixin.py:188} INFO - 1/1 ━━━━━━━━━━━━━━━━━━━━ 0s 12ms/step
[2024-08-18T00:48:18.365+0000] {logging_mixin.py:188} INFO - 1/1 ━━━━━━━━━━━━━━━━━━━━ 0s 11ms/step
[2024-08-18T00:48:18.365+0000] {logging_mixin.py:188} INFO - 1/1 ━━━━━━━━━━━━━━━━━━━━ 0s 11ms/step
[2024-08-18T00:48:18.404+0000] {logging_mixin.py:188} INFO - 1/1 ━━━━━━━━━━━━━━━━━━━━ 0s 12ms/step
[2024-08-18T00:48:18.404+0000] {logging_mixin.py:188} INFO - 1/1 ━━━━━━━━━━━━━━━━━━━━ 0s 13ms/step
[2024-08-18T00:48:18.441+0000] {logging_mixin.py:188} INFO - 1/1 ━━━━━━━━━━━━━━━━━━━━ 0s 12ms/step
[2024-08-18T00:48:18.442+0000] {logging_mixin.py:188} INFO - 1/1 ━━━━━━━━━━━━━━━━━━━━ 0s 12ms/step
[2024-08-18T00:48:18.479+0000] {logging_mixin.py:188} INFO - 1/1 ━━━━━━━━━━━━━━━━━━━━ 0s 11ms/step
[2024-08-18T00:48:18.479+0000] {logging_mixin.py:188} INFO - 1/1 ━━━━━━━━━━━━━━━━━━━━ 0s 11ms/step
[2024-08-18T00:48:18.518+0000] {logging_mixin.py:188} INFO - 1/1 ━━━━━━━━━━━━━━━━━━━━ 0s 12ms/step
[2024-08-18T00:48:18.518+0000] {logging_mixin.py:188} INFO - 1/1 ━━━━━━━━━━━━━━━━━━━━ 0s 12ms/step
[2024-08-18T00:48:18.557+0000] {logging_mixin.py:188} INFO - 1/1 ━━━━━━━━━━━━━━━━━━━━ 0s 12ms/step
[2024-08-18T00:48:18.558+0000] {logging_mixin.py:188} INFO - 1/1 ━━━━━━━━━━━━━━━━━━━━ 0s 13ms/step
[2024-08-18T00:48:18.610+0000] {logging_mixin.py:188} INFO - 1/1 ━━━━━━━━━━━━━━━━━━━━ 0s 11ms/step
[2024-08-18T00:48:18.617+0000] {logging_mixin.py:188} INFO - 1/1 ━━━━━━━━━━━━━━━━━━━━ 0s 18ms/step
[2024-08-18T00:48:18.680+0000] {logging_mixin.py:188} INFO - 1/1 ━━━━━━━━━━━━━━━━━━━━ 0s 28ms/step
[2024-08-18T00:48:18.681+0000] {logging_mixin.py:188} INFO - 1/1 ━━━━━━━━━━━━━━━━━━━━ 0s 28ms/step
[2024-08-18T00:48:18.733+0000] {logging_mixin.py:188} INFO - 1/1 ━━━━━━━━━━━━━━━━━━━━ 0s 16ms/step
[2024-08-18T00:48:18.733+0000] {logging_mixin.py:188} INFO - 1/1 ━━━━━━━━━━━━━━━━━━━━ 0s 16ms/step
[2024-08-18T00:48:18.771+0000] {logging_mixin.py:188} INFO - 1/1 ━━━━━━━━━━━━━━━━━━━━ 0s 12ms/step
[2024-08-18T00:48:18.771+0000] {logging_mixin.py:188} INFO - 1/1 ━━━━━━━━━━━━━━━━━━━━ 0s 13ms/step
[2024-08-18T00:48:18.810+0000] {logging_mixin.py:188} INFO - 1/1 ━━━━━━━━━━━━━━━━━━━━ 0s 12ms/step
[2024-08-18T00:48:18.810+0000] {logging_mixin.py:188} INFO - 1/1 ━━━━━━━━━━━━━━━━━━━━ 0s 12ms/step
[2024-08-18T00:48:18.850+0000] {logging_mixin.py:188} INFO - 1/1 ━━━━━━━━━━━━━━━━━━━━ 0s 12ms/step
[2024-08-18T00:48:18.851+0000] {logging_mixin.py:188} INFO - 1/1 ━━━━━━━━━━━━━━━━━━━━ 0s 14ms/step
[2024-08-18T00:48:18.888+0000] {logging_mixin.py:188} INFO - 1/1 ━━━━━━━━━━━━━━━━━━━━ 0s 11ms/step
[2024-08-18T00:48:18.889+0000] {logging_mixin.py:188} INFO - 1/1 ━━━━━━━━━━━━━━━━━━━━ 0s 12ms/step
[2024-08-18T00:48:18.931+0000] {logging_mixin.py:188} INFO - 1/1 ━━━━━━━━━━━━━━━━━━━━ 0s 13ms/step
[2024-08-18T00:48:18.939+0000] {logging_mixin.py:188} INFO - 1/1 ━━━━━━━━━━━━━━━━━━━━ 0s 21ms/step
[2024-08-18T00:48:18.979+0000] {logging_mixin.py:188} INFO - 1/1 ━━━━━━━━━━━━━━━━━━━━ 0s 12ms/step
[2024-08-18T00:48:18.980+0000] {logging_mixin.py:188} INFO - 1/1 ━━━━━━━━━━━━━━━━━━━━ 0s 13ms/step
[2024-08-18T00:48:19.017+0000] {logging_mixin.py:188} INFO - 1/1 ━━━━━━━━━━━━━━━━━━━━ 0s 11ms/step
[2024-08-18T00:48:19.017+0000] {logging_mixin.py:188} INFO - 1/1 ━━━━━━━━━━━━━━━━━━━━ 0s 12ms/step
[2024-08-18T00:48:19.054+0000] {logging_mixin.py:188} INFO - 1/1 ━━━━━━━━━━━━━━━━━━━━ 0s 11ms/step
[2024-08-18T00:48:19.099+0000] {logging_mixin.py:188} INFO - 1/1 ━━━━━━━━━━━━━━━━━━━━ 0s 56ms/step
[2024-08-18T00:48:19.172+0000] {logging_mixin.py:188} INFO - 1/1 ━━━━━━━━━━━━━━━━━━━━ 0s 12ms/step
[2024-08-18T00:48:19.173+0000] {logging_mixin.py:188} INFO - 1/1 ━━━━━━━━━━━━━━━━━━━━ 0s 13ms/step
[2024-08-18T00:48:19.218+0000] {logging_mixin.py:188} INFO - 1/1 ━━━━━━━━━━━━━━━━━━━━ 0s 14ms/step
[2024-08-18T00:48:19.219+0000] {logging_mixin.py:188} INFO - 1/1 ━━━━━━━━━━━━━━━━━━━━ 0s 15ms/step
[2024-08-18T00:48:19.263+0000] {logging_mixin.py:188} INFO - 1/1 ━━━━━━━━━━━━━━━━━━━━ 0s 13ms/step
[2024-08-18T00:48:19.263+0000] {logging_mixin.py:188} INFO - 1/1 ━━━━━━━━━━━━━━━━━━━━ 0s 13ms/step
[2024-08-18T00:48:19.308+0000] {logging_mixin.py:188} INFO - 1/1 ━━━━━━━━━━━━━━━━━━━━ 0s 13ms/step
[2024-08-18T00:48:19.308+0000] {logging_mixin.py:188} INFO - 1/1 ━━━━━━━━━━━━━━━━━━━━ 0s 14ms/step
[2024-08-18T00:48:19.351+0000] {logging_mixin.py:188} INFO - 1/1 ━━━━━━━━━━━━━━━━━━━━ 0s 12ms/step
[2024-08-18T00:48:19.351+0000] {logging_mixin.py:188} INFO - 1/1 ━━━━━━━━━━━━━━━━━━━━ 0s 13ms/step
[2024-08-18T00:48:19.400+0000] {logging_mixin.py:188} INFO - 1/1 ━━━━━━━━━━━━━━━━━━━━ 0s 14ms/step
[2024-08-18T00:48:19.401+0000] {logging_mixin.py:188} INFO - 1/1 ━━━━━━━━━━━━━━━━━━━━ 0s 15ms/step
[2024-08-18T00:48:19.445+0000] {logging_mixin.py:188} INFO - 1/1 ━━━━━━━━━━━━━━━━━━━━ 0s 15ms/step
[2024-08-18T00:48:19.446+0000] {logging_mixin.py:188} INFO - 1/1 ━━━━━━━━━━━━━━━━━━━━ 0s 15ms/step
[2024-08-18T00:48:19.499+0000] {logging_mixin.py:188} INFO - 1/1 ━━━━━━━━━━━━━━━━━━━━ 0s 16ms/step
[2024-08-18T00:48:19.499+0000] {logging_mixin.py:188} INFO - 1/1 ━━━━━━━━━━━━━━━━━━━━ 0s 17ms/step
[2024-08-18T00:48:19.539+0000] {logging_mixin.py:188} INFO - 1/1 ━━━━━━━━━━━━━━━━━━━━ 0s 12ms/step
[2024-08-18T00:48:19.539+0000] {logging_mixin.py:188} INFO - 1/1 ━━━━━━━━━━━━━━━━━━━━ 0s 13ms/step
[2024-08-18T00:48:19.577+0000] {logging_mixin.py:188} INFO - 1/1 ━━━━━━━━━━━━━━━━━━━━ 0s 12ms/step
[2024-08-18T00:48:19.577+0000] {logging_mixin.py:188} INFO - 1/1 ━━━━━━━━━━━━━━━━━━━━ 0s 12ms/step
[2024-08-18T00:48:19.613+0000] {logging_mixin.py:188} INFO - 1/1 ━━━━━━━━━━━━━━━━━━━━ 0s 11ms/step
[2024-08-18T00:48:19.620+0000] {logging_mixin.py:188} INFO - 1/1 ━━━━━━━━━━━━━━━━━━━━ 0s 17ms/step
[2024-08-18T00:48:19.659+0000] {logging_mixin.py:188} INFO - 1/1 ━━━━━━━━━━━━━━━━━━━━ 0s 11ms/step
[2024-08-18T00:48:19.660+0000] {logging_mixin.py:188} INFO - 1/1 ━━━━━━━━━━━━━━━━━━━━ 0s 12ms/step
[2024-08-18T00:48:19.703+0000] {logging_mixin.py:188} INFO - 1/1 ━━━━━━━━━━━━━━━━━━━━ 0s 14ms/step
[2024-08-18T00:48:19.704+0000] {logging_mixin.py:188} INFO - 1/1 ━━━━━━━━━━━━━━━━━━━━ 0s 14ms/step
[2024-08-18T00:48:19.745+0000] {logging_mixin.py:188} INFO - 1/1 ━━━━━━━━━━━━━━━━━━━━ 0s 12ms/step
[2024-08-18T00:48:19.746+0000] {logging_mixin.py:188} INFO - 1/1 ━━━━━━━━━━━━━━━━━━━━ 0s 13ms/step
[2024-08-18T00:48:19.786+0000] {logging_mixin.py:188} INFO - 1/1 ━━━━━━━━━━━━━━━━━━━━ 0s 13ms/step
[2024-08-18T00:48:19.799+0000] {logging_mixin.py:188} INFO - 1/1 ━━━━━━━━━━━━━━━━━━━━ 0s 26ms/step
[2024-08-18T00:48:19.838+0000] {logging_mixin.py:188} INFO - 1/1 ━━━━━━━━━━━━━━━━━━━━ 0s 15ms/step
[2024-08-18T00:48:19.839+0000] {logging_mixin.py:188} INFO - 1/1 ━━━━━━━━━━━━━━━━━━━━ 0s 15ms/step
[2024-08-18T00:48:19.880+0000] {logging_mixin.py:188} INFO - 1/1 ━━━━━━━━━━━━━━━━━━━━ 0s 13ms/step
[2024-08-18T00:48:19.880+0000] {logging_mixin.py:188} INFO - 1/1 ━━━━━━━━━━━━━━━━━━━━ 0s 13ms/step
[2024-08-18T00:48:19.920+0000] {logging_mixin.py:188} INFO - 1/1 ━━━━━━━━━━━━━━━━━━━━ 0s 12ms/step
[2024-08-18T00:48:19.921+0000] {logging_mixin.py:188} INFO - 1/1 ━━━━━━━━━━━━━━━━━━━━ 0s 13ms/step
[2024-08-18T00:48:19.957+0000] {logging_mixin.py:188} INFO - 1/1 ━━━━━━━━━━━━━━━━━━━━ 0s 11ms/step
[2024-08-18T00:48:19.958+0000] {logging_mixin.py:188} INFO - 1/1 ━━━━━━━━━━━━━━━━━━━━ 0s 12ms/step
[2024-08-18T00:48:19.992+0000] {logging_mixin.py:188} INFO - 1/1 ━━━━━━━━━━━━━━━━━━━━ 0s 10ms/step
[2024-08-18T00:48:20.029+0000] {logging_mixin.py:188} INFO - 1/1 ━━━━━━━━━━━━━━━━━━━━ 0s 47ms/step
[2024-08-18T00:48:20.072+0000] {logging_mixin.py:188} INFO - 1/1 ━━━━━━━━━━━━━━━━━━━━ 0s 13ms/step
[2024-08-18T00:48:20.090+0000] {logging_mixin.py:188} INFO - 1/1 ━━━━━━━━━━━━━━━━━━━━ 0s 31ms/step
[2024-08-18T00:48:20.127+0000] {logging_mixin.py:188} INFO - 1/1 ━━━━━━━━━━━━━━━━━━━━ 0s 11ms/step
[2024-08-18T00:48:20.161+0000] {logging_mixin.py:188} INFO - 1/1 ━━━━━━━━━━━━━━━━━━━━ 0s 45ms/step
[2024-08-18T00:48:20.204+0000] {logging_mixin.py:188} INFO - 1/1 ━━━━━━━━━━━━━━━━━━━━ 0s 12ms/step
[2024-08-18T00:48:20.209+0000] {logging_mixin.py:188} INFO - 1/1 ━━━━━━━━━━━━━━━━━━━━ 0s 16ms/step
[2024-08-18T00:48:20.252+0000] {logging_mixin.py:188} INFO - 1/1 ━━━━━━━━━━━━━━━━━━━━ 0s 14ms/step
[2024-08-18T00:48:20.253+0000] {logging_mixin.py:188} INFO - 1/1 ━━━━━━━━━━━━━━━━━━━━ 0s 14ms/step
[2024-08-18T00:48:20.293+0000] {logging_mixin.py:188} INFO - 1/1 ━━━━━━━━━━━━━━━━━━━━ 0s 12ms/step
[2024-08-18T00:48:20.294+0000] {logging_mixin.py:188} INFO - 1/1 ━━━━━━━━━━━━━━━━━━━━ 0s 12ms/step
[2024-08-18T00:48:20.333+0000] {logging_mixin.py:188} INFO - 1/1 ━━━━━━━━━━━━━━━━━━━━ 0s 13ms/step
[2024-08-18T00:48:20.333+0000] {logging_mixin.py:188} INFO - 1/1 ━━━━━━━━━━━━━━━━━━━━ 0s 13ms/step
[2024-08-18T00:48:20.369+0000] {logging_mixin.py:188} INFO - 1/1 ━━━━━━━━━━━━━━━━━━━━ 0s 11ms/step
[2024-08-18T00:48:20.370+0000] {logging_mixin.py:188} INFO - 1/1 ━━━━━━━━━━━━━━━━━━━━ 0s 12ms/step
[2024-08-18T00:48:20.405+0000] {logging_mixin.py:188} INFO - 1/1 ━━━━━━━━━━━━━━━━━━━━ 0s 11ms/step
[2024-08-18T00:48:20.405+0000] {logging_mixin.py:188} INFO - 1/1 ━━━━━━━━━━━━━━━━━━━━ 0s 11ms/step
[2024-08-18T00:48:20.440+0000] {logging_mixin.py:188} INFO - 1/1 ━━━━━━━━━━━━━━━━━━━━ 0s 11ms/step
[2024-08-18T00:48:20.441+0000] {logging_mixin.py:188} INFO - 1/1 ━━━━━━━━━━━━━━━━━━━━ 0s 11ms/step
[2024-08-18T00:48:20.475+0000] {logging_mixin.py:188} INFO - 1/1 ━━━━━━━━━━━━━━━━━━━━ 0s 11ms/step
[2024-08-18T00:48:20.479+0000] {logging_mixin.py:188} INFO - 1/1 ━━━━━━━━━━━━━━━━━━━━ 0s 15ms/step
[2024-08-18T00:48:20.515+0000] {logging_mixin.py:188} INFO - 1/1 ━━━━━━━━━━━━━━━━━━━━ 0s 11ms/step
[2024-08-18T00:48:20.519+0000] {logging_mixin.py:188} INFO - 1/1 ━━━━━━━━━━━━━━━━━━━━ 0s 14ms/step
[2024-08-18T00:48:20.555+0000] {logging_mixin.py:188} INFO - 1/1 ━━━━━━━━━━━━━━━━━━━━ 0s 11ms/step
[2024-08-18T00:48:20.559+0000] {logging_mixin.py:188} INFO - 1/1 ━━━━━━━━━━━━━━━━━━━━ 0s 14ms/step
[2024-08-18T00:48:20.595+0000] {logging_mixin.py:188} INFO - 1/1 ━━━━━━━━━━━━━━━━━━━━ 0s 11ms/step
[2024-08-18T00:48:20.607+0000] {logging_mixin.py:188} INFO - 1/1 ━━━━━━━━━━━━━━━━━━━━ 0s 23ms/step
[2024-08-18T00:48:20.657+0000] {logging_mixin.py:188} INFO - 1/1 ━━━━━━━━━━━━━━━━━━━━ 0s 15ms/step
[2024-08-18T00:48:20.658+0000] {logging_mixin.py:188} INFO - 1/1 ━━━━━━━━━━━━━━━━━━━━ 0s 16ms/step
[2024-08-18T00:48:20.724+0000] {logging_mixin.py:188} INFO - 1/1 ━━━━━━━━━━━━━━━━━━━━ 0s 25ms/step
[2024-08-18T00:48:20.725+0000] {logging_mixin.py:188} INFO - 1/1 ━━━━━━━━━━━━━━━━━━━━ 0s 26ms/step
[2024-08-18T00:48:20.764+0000] {logging_mixin.py:188} INFO - 1/1 ━━━━━━━━━━━━━━━━━━━━ 0s 12ms/step
[2024-08-18T00:48:20.765+0000] {logging_mixin.py:188} INFO - 1/1 ━━━━━━━━━━━━━━━━━━━━ 0s 12ms/step
[2024-08-18T00:48:20.800+0000] {logging_mixin.py:188} INFO - 1/1 ━━━━━━━━━━━━━━━━━━━━ 0s 11ms/step
[2024-08-18T00:48:20.809+0000] {logging_mixin.py:188} INFO - 1/1 ━━━━━━━━━━━━━━━━━━━━ 0s 20ms/step
[2024-08-18T00:48:20.854+0000] {logging_mixin.py:188} INFO - 1/1 ━━━━━━━━━━━━━━━━━━━━ 0s 12ms/step
[2024-08-18T00:48:20.854+0000] {logging_mixin.py:188} INFO - 1/1 ━━━━━━━━━━━━━━━━━━━━ 0s 12ms/step
[2024-08-18T00:48:20.893+0000] {logging_mixin.py:188} INFO - 1/1 ━━━━━━━━━━━━━━━━━━━━ 0s 14ms/step
[2024-08-18T00:48:20.893+0000] {logging_mixin.py:188} INFO - 1/1 ━━━━━━━━━━━━━━━━━━━━ 0s 14ms/step
[2024-08-18T00:48:20.939+0000] {logging_mixin.py:188} INFO - 1/1 ━━━━━━━━━━━━━━━━━━━━ 0s 14ms/step
[2024-08-18T00:48:20.940+0000] {logging_mixin.py:188} INFO - 1/1 ━━━━━━━━━━━━━━━━━━━━ 0s 14ms/step
[2024-08-18T00:48:20.978+0000] {logging_mixin.py:188} INFO - 1/1 ━━━━━━━━━━━━━━━━━━━━ 0s 12ms/step
[2024-08-18T00:48:20.979+0000] {logging_mixin.py:188} INFO - 1/1 ━━━━━━━━━━━━━━━━━━━━ 0s 13ms/step
[2024-08-18T00:48:21.019+0000] {logging_mixin.py:188} INFO - 1/1 ━━━━━━━━━━━━━━━━━━━━ 0s 12ms/step
[2024-08-18T00:48:21.019+0000] {logging_mixin.py:188} INFO - 1/1 ━━━━━━━━━━━━━━━━━━━━ 0s 12ms/step
[2024-08-18T00:48:21.059+0000] {logging_mixin.py:188} INFO - 1/1 ━━━━━━━━━━━━━━━━━━━━ 0s 13ms/step
[2024-08-18T00:48:21.065+0000] {logging_mixin.py:188} INFO - 1/1 ━━━━━━━━━━━━━━━━━━━━ 0s 19ms/step
[2024-08-18T00:48:21.108+0000] {logging_mixin.py:188} INFO - 1/1 ━━━━━━━━━━━━━━━━━━━━ 0s 13ms/step
[2024-08-18T00:48:21.108+0000] {logging_mixin.py:188} INFO - 1/1 ━━━━━━━━━━━━━━━━━━━━ 0s 14ms/step
[2024-08-18T00:48:21.147+0000] {logging_mixin.py:188} INFO - 1/1 ━━━━━━━━━━━━━━━━━━━━ 0s 12ms/step
[2024-08-18T00:48:21.149+0000] {logging_mixin.py:188} INFO - 1/1 ━━━━━━━━━━━━━━━━━━━━ 0s 14ms/step
[2024-08-18T00:48:21.186+0000] {logging_mixin.py:188} INFO - 1/1 ━━━━━━━━━━━━━━━━━━━━ 0s 11ms/step
[2024-08-18T00:48:21.189+0000] {logging_mixin.py:188} INFO - 1/1 ━━━━━━━━━━━━━━━━━━━━ 0s 14ms/step
[2024-08-18T00:48:21.233+0000] {logging_mixin.py:188} INFO - 1/1 ━━━━━━━━━━━━━━━━━━━━ 0s 11ms/step
[2024-08-18T00:48:21.235+0000] {logging_mixin.py:188} INFO - 1/1 ━━━━━━━━━━━━━━━━━━━━ 0s 13ms/step
[2024-08-18T00:48:21.271+0000] {logging_mixin.py:188} INFO - 1/1 ━━━━━━━━━━━━━━━━━━━━ 0s 11ms/step
[2024-08-18T00:48:21.279+0000] {logging_mixin.py:188} INFO - 1/1 ━━━━━━━━━━━━━━━━━━━━ 0s 18ms/step
[2024-08-18T00:48:21.326+0000] {logging_mixin.py:188} INFO - 1/1 ━━━━━━━━━━━━━━━━━━━━ 0s 11ms/step
[2024-08-18T00:48:21.326+0000] {logging_mixin.py:188} INFO - 1/1 ━━━━━━━━━━━━━━━━━━━━ 0s 12ms/step
[2024-08-18T00:48:21.369+0000] {logging_mixin.py:188} INFO - 1/1 ━━━━━━━━━━━━━━━━━━━━ 0s 15ms/step
[2024-08-18T00:48:21.370+0000] {logging_mixin.py:188} INFO - 1/1 ━━━━━━━━━━━━━━━━━━━━ 0s 17ms/step
[2024-08-18T00:48:21.427+0000] {logging_mixin.py:188} INFO - 1/1 ━━━━━━━━━━━━━━━━━━━━ 0s 15ms/step
[2024-08-18T00:48:21.428+0000] {logging_mixin.py:188} INFO - 1/1 ━━━━━━━━━━━━━━━━━━━━ 0s 16ms/step
[2024-08-18T00:48:21.475+0000] {logging_mixin.py:188} INFO - 1/1 ━━━━━━━━━━━━━━━━━━━━ 0s 14ms/step
[2024-08-18T00:48:21.475+0000] {logging_mixin.py:188} INFO - 1/1 ━━━━━━━━━━━━━━━━━━━━ 0s 15ms/step
[2024-08-18T00:48:21.514+0000] {logging_mixin.py:188} INFO - 1/1 ━━━━━━━━━━━━━━━━━━━━ 0s 11ms/step
[2024-08-18T00:48:21.515+0000] {logging_mixin.py:188} INFO - 1/1 ━━━━━━━━━━━━━━━━━━━━ 0s 12ms/step
[2024-08-18T00:48:21.550+0000] {logging_mixin.py:188} INFO - 1/1 ━━━━━━━━━━━━━━━━━━━━ 0s 11ms/step
[2024-08-18T00:48:21.551+0000] {logging_mixin.py:188} INFO - 1/1 ━━━━━━━━━━━━━━━━━━━━ 0s 12ms/step
[2024-08-18T00:48:21.587+0000] {logging_mixin.py:188} INFO - 1/1 ━━━━━━━━━━━━━━━━━━━━ 0s 11ms/step
[2024-08-18T00:48:21.588+0000] {logging_mixin.py:188} INFO - 1/1 ━━━━━━━━━━━━━━━━━━━━ 0s 13ms/step
[2024-08-18T00:48:21.629+0000] {logging_mixin.py:188} INFO - 1/1 ━━━━━━━━━━━━━━━━━━━━ 0s 12ms/step
[2024-08-18T00:48:21.633+0000] {logging_mixin.py:188} INFO - 1/1 ━━━━━━━━━━━━━━━━━━━━ 0s 16ms/step
[2024-08-18T00:48:21.643+0000] {warnings.py:110} WARNING - /opt/airflow/dags/tasks_2/predict_data.py:110: FutureWarning: The behavior of DataFrame concatenation with empty or all-NA entries is deprecated. In a future version, this will no longer exclude empty or all-NA columns when determining the result dtypes. To retain the old behavior, exclude the relevant entries before the concat operation.
  final_dataset = pd.concat([final_dataset, country_final_dataset], ignore_index=True)

[2024-08-18T00:48:21.653+0000] {base.py:84} INFO - Using connection ID 'minio_conn' for task execution.
[2024-08-18T00:48:21.654+0000] {connection_wrapper.py:387} INFO - AWS Connection (conn_id='minio_conn', conn_type='aws') credentials retrieved from extra.
[2024-08-18T00:48:21.654+0000] {warnings.py:110} WARNING - <string>:9: AirflowProviderDeprecationWarning: extra['host'] is deprecated and will be removed in a future release. Please set extra['endpoint_url'] instead

[2024-08-18T00:48:25.872+0000] {logging_mixin.py:188} WARNING - --- Logging error ---
[2024-08-18T00:48:25.881+0000] {logging_mixin.py:188} WARNING - Traceback (most recent call last):
[2024-08-18T00:48:25.888+0000] {logging_mixin.py:188} WARNING -   File "/home/airflow/.local/lib/python3.12/site-packages/urllib3/connection.py", line 198, in _new_conn
    sock = connection.create_connection(
           ^^^^^^^^^^^^^^^^^^^^^^^^^^^^^
[2024-08-18T00:48:25.889+0000] {logging_mixin.py:188} WARNING -   File "/home/airflow/.local/lib/python3.12/site-packages/urllib3/util/connection.py", line 85, in create_connection
    raise err
[2024-08-18T00:48:25.898+0000] {logging_mixin.py:188} WARNING -   File "/home/airflow/.local/lib/python3.12/site-packages/urllib3/util/connection.py", line 73, in create_connection
    sock.connect(sa)
[2024-08-18T00:48:25.898+0000] {logging_mixin.py:188} WARNING - OSError: [Errno 101] Network is unreachable
[2024-08-18T00:48:25.899+0000] {logging_mixin.py:188} WARNING - 
The above exception was the direct cause of the following exception:
[2024-08-18T00:48:25.908+0000] {logging_mixin.py:188} WARNING - Traceback (most recent call last):
[2024-08-18T00:48:25.909+0000] {logging_mixin.py:188} WARNING -   File "/home/airflow/.local/lib/python3.12/site-packages/botocore/httpsession.py", line 464, in send
    urllib_response = conn.urlopen(
                      ^^^^^^^^^^^^^
[2024-08-18T00:48:25.909+0000] {logging_mixin.py:188} WARNING -   File "/home/airflow/.local/lib/python3.12/site-packages/urllib3/connectionpool.py", line 847, in urlopen
    retries = retries.increment(
              ^^^^^^^^^^^^^^^^^^
[2024-08-18T00:48:25.918+0000] {logging_mixin.py:188} WARNING -   File "/home/airflow/.local/lib/python3.12/site-packages/urllib3/util/retry.py", line 445, in increment
    raise reraise(type(error), error, _stacktrace)
          ^^^^^^^^^^^^^^^^^^^^^^^^^^^^^^^^^^^^^^^^
[2024-08-18T00:48:25.925+0000] {logging_mixin.py:188} WARNING -   File "/home/airflow/.local/lib/python3.12/site-packages/urllib3/util/util.py", line 39, in reraise
    raise value
[2024-08-18T00:48:25.926+0000] {logging_mixin.py:188} WARNING -   File "/home/airflow/.local/lib/python3.12/site-packages/urllib3/connectionpool.py", line 793, in urlopen
    response = self._make_request(
               ^^^^^^^^^^^^^^^^^^^
[2024-08-18T00:48:25.926+0000] {logging_mixin.py:188} WARNING -   File "/home/airflow/.local/lib/python3.12/site-packages/urllib3/connectionpool.py", line 496, in _make_request
    conn.request(
[2024-08-18T00:48:25.942+0000] {logging_mixin.py:188} WARNING -   File "/home/airflow/.local/lib/python3.12/site-packages/botocore/awsrequest.py", line 96, in request
    rval = super().request(method, url, body, headers, *args, **kwargs)
           ^^^^^^^^^^^^^^^^^^^^^^^^^^^^^^^^^^^^^^^^^^^^^^^^^^^^^^^^^^^^
[2024-08-18T00:48:25.942+0000] {logging_mixin.py:188} WARNING -   File "/home/airflow/.local/lib/python3.12/site-packages/urllib3/connection.py", line 400, in request
    self.endheaders()
[2024-08-18T00:48:25.943+0000] {logging_mixin.py:188} WARNING -   File "/usr/local/lib/python3.12/http/client.py", line 1331, in endheaders
    self._send_output(message_body, encode_chunked=encode_chunked)
[2024-08-18T00:48:25.947+0000] {logging_mixin.py:188} WARNING -   File "/home/airflow/.local/lib/python3.12/site-packages/botocore/awsrequest.py", line 123, in _send_output
    self.send(msg)
[2024-08-18T00:48:25.947+0000] {logging_mixin.py:188} WARNING -   File "/home/airflow/.local/lib/python3.12/site-packages/botocore/awsrequest.py", line 223, in send
    return super().send(str)
           ^^^^^^^^^^^^^^^^^
[2024-08-18T00:48:25.948+0000] {logging_mixin.py:188} WARNING -   File "/usr/local/lib/python3.12/http/client.py", line 1035, in send
    self.connect()
[2024-08-18T00:48:25.958+0000] {logging_mixin.py:188} WARNING -   File "/home/airflow/.local/lib/python3.12/site-packages/urllib3/connection.py", line 238, in connect
    self.sock = self._new_conn()
                ^^^^^^^^^^^^^^^^
[2024-08-18T00:48:25.958+0000] {logging_mixin.py:188} WARNING -   File "/home/airflow/.local/lib/python3.12/site-packages/urllib3/connection.py", line 213, in _new_conn
    raise NewConnectionError(
[2024-08-18T00:48:25.973+0000] {logging_mixin.py:188} WARNING - urllib3.exceptions.NewConnectionError: <botocore.awsrequest.AWSHTTPConnection object at 0x7f0b4829c740>: Failed to establish a new connection: [Errno 101] Network is unreachable
[2024-08-18T00:48:25.974+0000] {logging_mixin.py:188} WARNING - 
During handling of the above exception, another exception occurred:
[2024-08-18T00:48:25.974+0000] {logging_mixin.py:188} WARNING - Traceback (most recent call last):
[2024-08-18T00:48:26.006+0000] {logging_mixin.py:188} WARNING -   File "/opt/airflow/dags/tasks_2/predict_data.py", line 36, in save_model
    hook.load_file(
[2024-08-18T00:48:26.008+0000] {logging_mixin.py:188} WARNING -   File "/home/airflow/.local/lib/python3.12/site-packages/airflow/providers/amazon/aws/hooks/s3.py", line 135, in wrapper
    return func(*bound_args.args, **bound_args.kwargs)
           ^^^^^^^^^^^^^^^^^^^^^^^^^^^^^^^^^^^^^^^^^^^
[2024-08-18T00:48:26.018+0000] {logging_mixin.py:188} WARNING -   File "/home/airflow/.local/lib/python3.12/site-packages/airflow/providers/amazon/aws/hooks/s3.py", line 89, in wrapper
    return func(*bound_args.args, **bound_args.kwargs)
           ^^^^^^^^^^^^^^^^^^^^^^^^^^^^^^^^^^^^^^^^^^^
[2024-08-18T00:48:26.028+0000] {logging_mixin.py:188} WARNING -   File "/home/airflow/.local/lib/python3.12/site-packages/airflow/providers/amazon/aws/hooks/s3.py", line 1098, in load_file
    client.upload_file(filename, bucket_name, key, ExtraArgs=extra_args, Config=self.transfer_config)
[2024-08-18T00:48:26.029+0000] {logging_mixin.py:188} WARNING -   File "/home/airflow/.local/lib/python3.12/site-packages/boto3/s3/inject.py", line 145, in upload_file
    return transfer.upload_file(
           ^^^^^^^^^^^^^^^^^^^^^
[2024-08-18T00:48:26.036+0000] {logging_mixin.py:188} WARNING -   File "/home/airflow/.local/lib/python3.12/site-packages/boto3/s3/transfer.py", line 371, in upload_file
    future.result()
[2024-08-18T00:48:26.038+0000] {logging_mixin.py:188} WARNING -   File "/home/airflow/.local/lib/python3.12/site-packages/s3transfer/futures.py", line 103, in result
    return self._coordinator.result()
           ^^^^^^^^^^^^^^^^^^^^^^^^^^
[2024-08-18T00:48:26.042+0000] {logging_mixin.py:188} WARNING -   File "/home/airflow/.local/lib/python3.12/site-packages/s3transfer/futures.py", line 266, in result
    raise self._exception
[2024-08-18T00:48:26.043+0000] {logging_mixin.py:188} WARNING -   File "/home/airflow/.local/lib/python3.12/site-packages/s3transfer/tasks.py", line 139, in __call__
    return self._execute_main(kwargs)
           ^^^^^^^^^^^^^^^^^^^^^^^^^^
[2024-08-18T00:48:26.044+0000] {logging_mixin.py:188} WARNING -   File "/home/airflow/.local/lib/python3.12/site-packages/s3transfer/tasks.py", line 162, in _execute_main
    return_value = self._main(**kwargs)
                   ^^^^^^^^^^^^^^^^^^^^
[2024-08-18T00:48:26.044+0000] {logging_mixin.py:188} WARNING -   File "/home/airflow/.local/lib/python3.12/site-packages/s3transfer/upload.py", line 764, in _main
    client.put_object(Bucket=bucket, Key=key, Body=body, **extra_args)
[2024-08-18T00:48:26.045+0000] {logging_mixin.py:188} WARNING -   File "/home/airflow/.local/lib/python3.12/site-packages/botocore/client.py", line 553, in _api_call
    return self._make_api_call(operation_name, kwargs)
           ^^^^^^^^^^^^^^^^^^^^^^^^^^^^^^^^^^^^^^^^^^^
[2024-08-18T00:48:26.045+0000] {logging_mixin.py:188} WARNING -   File "/home/airflow/.local/lib/python3.12/site-packages/botocore/client.py", line 989, in _make_api_call
    http, parsed_response = self._make_request(
                            ^^^^^^^^^^^^^^^^^^^
[2024-08-18T00:48:26.046+0000] {logging_mixin.py:188} WARNING -   File "/home/airflow/.local/lib/python3.12/site-packages/botocore/client.py", line 1015, in _make_request
    return self._endpoint.make_request(operation_model, request_dict)
           ^^^^^^^^^^^^^^^^^^^^^^^^^^^^^^^^^^^^^^^^^^^^^^^^^^^^^^^^^^
[2024-08-18T00:48:26.046+0000] {logging_mixin.py:188} WARNING -   File "/home/airflow/.local/lib/python3.12/site-packages/botocore/endpoint.py", line 119, in make_request
    return self._send_request(request_dict, operation_model)
           ^^^^^^^^^^^^^^^^^^^^^^^^^^^^^^^^^^^^^^^^^^^^^^^^^
[2024-08-18T00:48:26.047+0000] {logging_mixin.py:188} WARNING -   File "/home/airflow/.local/lib/python3.12/site-packages/botocore/endpoint.py", line 202, in _send_request
    while self._needs_retry(
          ^^^^^^^^^^^^^^^^^^
[2024-08-18T00:48:26.047+0000] {logging_mixin.py:188} WARNING -   File "/home/airflow/.local/lib/python3.12/site-packages/botocore/endpoint.py", line 354, in _needs_retry
    responses = self._event_emitter.emit(
                ^^^^^^^^^^^^^^^^^^^^^^^^^
[2024-08-18T00:48:26.048+0000] {logging_mixin.py:188} WARNING -   File "/home/airflow/.local/lib/python3.12/site-packages/botocore/hooks.py", line 412, in emit
    return self._emitter.emit(aliased_event_name, **kwargs)
           ^^^^^^^^^^^^^^^^^^^^^^^^^^^^^^^^^^^^^^^^^^^^^^^^
[2024-08-18T00:48:26.058+0000] {logging_mixin.py:188} WARNING -   File "/home/airflow/.local/lib/python3.12/site-packages/botocore/hooks.py", line 256, in emit
    return self._emit(event_name, kwargs)
           ^^^^^^^^^^^^^^^^^^^^^^^^^^^^^^
[2024-08-18T00:48:26.069+0000] {logging_mixin.py:188} WARNING -   File "/home/airflow/.local/lib/python3.12/site-packages/botocore/hooks.py", line 239, in _emit
    response = handler(**kwargs)
               ^^^^^^^^^^^^^^^^^
[2024-08-18T00:48:26.070+0000] {logging_mixin.py:188} WARNING -   File "/home/airflow/.local/lib/python3.12/site-packages/botocore/retryhandler.py", line 207, in __call__
    if self._checker(**checker_kwargs):
       ^^^^^^^^^^^^^^^^^^^^^^^^^^^^^^^
[2024-08-18T00:48:26.070+0000] {logging_mixin.py:188} WARNING -   File "/home/airflow/.local/lib/python3.12/site-packages/botocore/retryhandler.py", line 284, in __call__
    should_retry = self._should_retry(
                   ^^^^^^^^^^^^^^^^^^^
[2024-08-18T00:48:26.071+0000] {logging_mixin.py:188} WARNING -   File "/home/airflow/.local/lib/python3.12/site-packages/botocore/retryhandler.py", line 320, in _should_retry
    return self._checker(attempt_number, response, caught_exception)
           ^^^^^^^^^^^^^^^^^^^^^^^^^^^^^^^^^^^^^^^^^^^^^^^^^^^^^^^^^
[2024-08-18T00:48:26.073+0000] {logging_mixin.py:188} WARNING -   File "/home/airflow/.local/lib/python3.12/site-packages/botocore/retryhandler.py", line 363, in __call__
    checker_response = checker(
                       ^^^^^^^^
[2024-08-18T00:48:26.073+0000] {logging_mixin.py:188} WARNING -   File "/home/airflow/.local/lib/python3.12/site-packages/botocore/retryhandler.py", line 247, in __call__
    return self._check_caught_exception(
           ^^^^^^^^^^^^^^^^^^^^^^^^^^^^^
[2024-08-18T00:48:26.073+0000] {logging_mixin.py:188} WARNING -   File "/home/airflow/.local/lib/python3.12/site-packages/botocore/retryhandler.py", line 416, in _check_caught_exception
    raise caught_exception
[2024-08-18T00:48:26.074+0000] {logging_mixin.py:188} WARNING -   File "/home/airflow/.local/lib/python3.12/site-packages/botocore/endpoint.py", line 281, in _do_get_response
    http_response = self._send(request)
                    ^^^^^^^^^^^^^^^^^^^
[2024-08-18T00:48:26.088+0000] {logging_mixin.py:188} WARNING -   File "/home/airflow/.local/lib/python3.12/site-packages/botocore/endpoint.py", line 377, in _send
    return self.http_session.send(request)
           ^^^^^^^^^^^^^^^^^^^^^^^^^^^^^^^
[2024-08-18T00:48:26.088+0000] {logging_mixin.py:188} WARNING -   File "/home/airflow/.local/lib/python3.12/site-packages/botocore/httpsession.py", line 493, in send
    raise EndpointConnectionError(endpoint_url=request.url, error=e)
[2024-08-18T00:48:26.089+0000] {logging_mixin.py:188} WARNING - botocore.exceptions.EndpointConnectionError: Could not connect to the endpoint URL: "http://host.docker.internal:9000/covid19/models/Afghanistan/cases_scaler.pkl"
[2024-08-18T00:48:26.089+0000] {logging_mixin.py:188} WARNING - 
During handling of the above exception, another exception occurred:
[2024-08-18T00:48:26.096+0000] {logging_mixin.py:188} WARNING - Traceback (most recent call last):
[2024-08-18T00:48:26.098+0000] {logging_mixin.py:188} WARNING -   File "/usr/local/lib/python3.12/logging/__init__.py", line 1160, in emit
    msg = self.format(record)
          ^^^^^^^^^^^^^^^^^^^
[2024-08-18T00:48:26.099+0000] {logging_mixin.py:188} WARNING -   File "/usr/local/lib/python3.12/logging/__init__.py", line 999, in format
    return fmt.format(record)
           ^^^^^^^^^^^^^^^^^^
[2024-08-18T00:48:26.104+0000] {logging_mixin.py:188} WARNING -   File "/usr/local/lib/python3.12/logging/__init__.py", line 703, in format
    record.message = record.getMessage()
                     ^^^^^^^^^^^^^^^^^^^
[2024-08-18T00:48:26.105+0000] {logging_mixin.py:188} WARNING -   File "/usr/local/lib/python3.12/logging/__init__.py", line 392, in getMessage
    msg = msg % self.args
          ~~~~^~~~~~~~~~~
[2024-08-18T00:48:26.105+0000] {logging_mixin.py:188} WARNING - TypeError: not all arguments converted during string formatting
[2024-08-18T00:48:26.106+0000] {logging_mixin.py:188} WARNING - Call stack:
[2024-08-18T00:48:26.110+0000] {logging_mixin.py:188} WARNING -   File "/home/airflow/.local/bin/airflow", line 8, in <module>
    sys.exit(main())
[2024-08-18T00:48:26.110+0000] {logging_mixin.py:188} WARNING -   File "/home/airflow/.local/lib/python3.12/site-packages/airflow/__main__.py", line 58, in main
    args.func(args)
[2024-08-18T00:48:26.111+0000] {logging_mixin.py:188} WARNING -   File "/home/airflow/.local/lib/python3.12/site-packages/airflow/cli/cli_config.py", line 49, in command
    return func(*args, **kwargs)
[2024-08-18T00:48:26.111+0000] {logging_mixin.py:188} WARNING -   File "/home/airflow/.local/lib/python3.12/site-packages/airflow/utils/cli.py", line 114, in wrapper
    return f(*args, **kwargs)
[2024-08-18T00:48:26.111+0000] {logging_mixin.py:188} WARNING -   File "/home/airflow/.local/lib/python3.12/site-packages/airflow/providers/celery/cli/celery_command.py", line 61, in wrapper
    providers_configuration_loaded(func)(*args, **kwargs)
[2024-08-18T00:48:26.112+0000] {logging_mixin.py:188} WARNING -   File "/home/airflow/.local/lib/python3.12/site-packages/airflow/utils/providers_configuration_loader.py", line 55, in wrapped_function
    return func(*args, **kwargs)
[2024-08-18T00:48:26.115+0000] {logging_mixin.py:188} WARNING -   File "/home/airflow/.local/lib/python3.12/site-packages/airflow/providers/celery/cli/celery_command.py", line 234, in worker
    _run_command_with_daemon_option(
[2024-08-18T00:48:26.117+0000] {logging_mixin.py:188} WARNING -   File "/home/airflow/.local/lib/python3.12/site-packages/airflow/providers/celery/cli/celery_command.py", line 47, in _run_command_with_daemon_option
    run_command_with_daemon_option(*args, **kwargs)
[2024-08-18T00:48:26.118+0000] {logging_mixin.py:188} WARNING -   File "/home/airflow/.local/lib/python3.12/site-packages/airflow/cli/commands/daemon_utils.py", line 85, in run_command_with_daemon_option
    callback()
[2024-08-18T00:48:26.128+0000] {logging_mixin.py:188} WARNING -   File "/home/airflow/.local/lib/python3.12/site-packages/airflow/providers/celery/cli/celery_command.py", line 227, in run_celery_worker
    celery_app.worker_main(options)
[2024-08-18T00:48:26.128+0000] {logging_mixin.py:188} WARNING -   File "/home/airflow/.local/lib/python3.12/site-packages/celery/app/base.py", line 391, in worker_main
    self.start(argv=argv)
[2024-08-18T00:48:26.135+0000] {logging_mixin.py:188} WARNING -   File "/home/airflow/.local/lib/python3.12/site-packages/celery/app/base.py", line 371, in start
    celery.main(args=argv, standalone_mode=False)
[2024-08-18T00:48:26.136+0000] {logging_mixin.py:188} WARNING -   File "/home/airflow/.local/lib/python3.12/site-packages/click/core.py", line 1078, in main
    rv = self.invoke(ctx)
[2024-08-18T00:48:26.137+0000] {logging_mixin.py:188} WARNING -   File "/home/airflow/.local/lib/python3.12/site-packages/click/core.py", line 1688, in invoke
    return _process_result(sub_ctx.command.invoke(sub_ctx))
[2024-08-18T00:48:26.137+0000] {logging_mixin.py:188} WARNING -   File "/home/airflow/.local/lib/python3.12/site-packages/click/core.py", line 1434, in invoke
    return ctx.invoke(self.callback, **ctx.params)
[2024-08-18T00:48:26.137+0000] {logging_mixin.py:188} WARNING -   File "/home/airflow/.local/lib/python3.12/site-packages/click/core.py", line 783, in invoke
    return __callback(*args, **kwargs)
[2024-08-18T00:48:26.138+0000] {logging_mixin.py:188} WARNING -   File "/home/airflow/.local/lib/python3.12/site-packages/click/decorators.py", line 33, in new_func
    return f(get_current_context(), *args, **kwargs)
[2024-08-18T00:48:26.143+0000] {logging_mixin.py:188} WARNING -   File "/home/airflow/.local/lib/python3.12/site-packages/celery/bin/base.py", line 135, in caller
    return f(ctx, *args, **kwargs)
[2024-08-18T00:48:26.145+0000] {logging_mixin.py:188} WARNING -   File "/home/airflow/.local/lib/python3.12/site-packages/celery/bin/worker.py", line 356, in worker
    worker.start()
[2024-08-18T00:48:26.145+0000] {logging_mixin.py:188} WARNING -   File "/home/airflow/.local/lib/python3.12/site-packages/celery/worker/worker.py", line 202, in start
    self.blueprint.start(self)
[2024-08-18T00:48:26.146+0000] {logging_mixin.py:188} WARNING -   File "/home/airflow/.local/lib/python3.12/site-packages/celery/bootsteps.py", line 116, in start
    step.start(parent)
[2024-08-18T00:48:26.148+0000] {logging_mixin.py:188} WARNING -   File "/home/airflow/.local/lib/python3.12/site-packages/celery/bootsteps.py", line 365, in start
    return self.obj.start()
[2024-08-18T00:48:26.158+0000] {logging_mixin.py:188} WARNING -   File "/home/airflow/.local/lib/python3.12/site-packages/celery/concurrency/base.py", line 130, in start
    self.on_start()
[2024-08-18T00:48:26.161+0000] {logging_mixin.py:188} WARNING -   File "/home/airflow/.local/lib/python3.12/site-packages/celery/concurrency/prefork.py", line 109, in on_start
    P = self._pool = Pool(processes=self.limit,
[2024-08-18T00:48:26.168+0000] {logging_mixin.py:188} WARNING -   File "/home/airflow/.local/lib/python3.12/site-packages/celery/concurrency/asynpool.py", line 464, in __init__
    super().__init__(processes, *args, **kwargs)
[2024-08-18T00:48:26.172+0000] {logging_mixin.py:188} WARNING -   File "/home/airflow/.local/lib/python3.12/site-packages/billiard/pool.py", line 1045, in __init__
    self._create_worker_process(i)
[2024-08-18T00:48:26.172+0000] {logging_mixin.py:188} WARNING -   File "/home/airflow/.local/lib/python3.12/site-packages/celery/concurrency/asynpool.py", line 482, in _create_worker_process
    return super()._create_worker_process(i)
[2024-08-18T00:48:26.172+0000] {logging_mixin.py:188} WARNING -   File "/home/airflow/.local/lib/python3.12/site-packages/billiard/pool.py", line 1157, in _create_worker_process
    w.start()
[2024-08-18T00:48:26.173+0000] {logging_mixin.py:188} WARNING -   File "/home/airflow/.local/lib/python3.12/site-packages/billiard/process.py", line 120, in start
    self._popen = self._Popen(self)
[2024-08-18T00:48:26.173+0000] {logging_mixin.py:188} WARNING -   File "/home/airflow/.local/lib/python3.12/site-packages/billiard/context.py", line 331, in _Popen
    return Popen(process_obj)
[2024-08-18T00:48:26.173+0000] {logging_mixin.py:188} WARNING -   File "/home/airflow/.local/lib/python3.12/site-packages/billiard/popen_fork.py", line 22, in __init__
    self._launch(process_obj)
[2024-08-18T00:48:26.173+0000] {logging_mixin.py:188} WARNING -   File "/home/airflow/.local/lib/python3.12/site-packages/billiard/popen_fork.py", line 77, in _launch
    code = process_obj._bootstrap()
[2024-08-18T00:48:26.174+0000] {logging_mixin.py:188} WARNING -   File "/home/airflow/.local/lib/python3.12/site-packages/billiard/process.py", line 323, in _bootstrap
    self.run()
[2024-08-18T00:48:26.174+0000] {logging_mixin.py:188} WARNING -   File "/home/airflow/.local/lib/python3.12/site-packages/billiard/process.py", line 110, in run
    self._target(*self._args, **self._kwargs)
[2024-08-18T00:48:26.174+0000] {logging_mixin.py:188} WARNING -   File "/home/airflow/.local/lib/python3.12/site-packages/billiard/pool.py", line 291, in __call__
    sys.exit(self.workloop(pid=pid))
[2024-08-18T00:48:26.175+0000] {logging_mixin.py:188} WARNING -   File "/home/airflow/.local/lib/python3.12/site-packages/billiard/pool.py", line 361, in workloop
    result = (True, prepare_result(fun(*args, **kwargs)))
[2024-08-18T00:48:26.175+0000] {logging_mixin.py:188} WARNING -   File "/home/airflow/.local/lib/python3.12/site-packages/celery/app/trace.py", line 651, in fast_trace_task
    R, I, T, Rstr = tasks[task].__trace__(
[2024-08-18T00:48:26.175+0000] {logging_mixin.py:188} WARNING -   File "/home/airflow/.local/lib/python3.12/site-packages/celery/app/trace.py", line 453, in trace_task
    R = retval = fun(*args, **kwargs)
[2024-08-18T00:48:26.175+0000] {logging_mixin.py:188} WARNING -   File "/home/airflow/.local/lib/python3.12/site-packages/celery/app/trace.py", line 736, in __protected_call__
    return self.run(*args, **kwargs)
[2024-08-18T00:48:26.176+0000] {logging_mixin.py:188} WARNING -   File "/home/airflow/.local/lib/python3.12/site-packages/airflow/providers/celery/executors/celery_executor_utils.py", line 136, in execute_command
    _execute_in_fork(command_to_exec, celery_task_id)
[2024-08-18T00:48:26.178+0000] {logging_mixin.py:188} WARNING -   File "/home/airflow/.local/lib/python3.12/site-packages/airflow/providers/celery/executors/celery_executor_utils.py", line 172, in _execute_in_fork
    args.func(args)
[2024-08-18T00:48:26.178+0000] {logging_mixin.py:188} WARNING -   File "/home/airflow/.local/lib/python3.12/site-packages/airflow/cli/cli_config.py", line 49, in command
    return func(*args, **kwargs)
[2024-08-18T00:48:26.186+0000] {logging_mixin.py:188} WARNING -   File "/home/airflow/.local/lib/python3.12/site-packages/airflow/utils/cli.py", line 114, in wrapper
    return f(*args, **kwargs)
[2024-08-18T00:48:26.187+0000] {logging_mixin.py:188} WARNING -   File "/home/airflow/.local/lib/python3.12/site-packages/airflow/cli/commands/task_command.py", line 441, in task_run
    task_return_code = _run_task_by_selected_method(args, _dag, ti)
[2024-08-18T00:48:26.187+0000] {logging_mixin.py:188} WARNING -   File "/home/airflow/.local/lib/python3.12/site-packages/airflow/cli/commands/task_command.py", line 219, in _run_task_by_selected_method
    return _run_task_by_local_task_job(args, ti)
[2024-08-18T00:48:26.187+0000] {logging_mixin.py:188} WARNING -   File "/home/airflow/.local/lib/python3.12/site-packages/airflow/cli/commands/task_command.py", line 281, in _run_task_by_local_task_job
    ret = run_job(job=job_runner.job, execute_callable=job_runner._execute)
[2024-08-18T00:48:26.187+0000] {logging_mixin.py:188} WARNING -   File "/home/airflow/.local/lib/python3.12/site-packages/airflow/utils/session.py", line 79, in wrapper
    return func(*args, session=session, **kwargs)
[2024-08-18T00:48:26.188+0000] {logging_mixin.py:188} WARNING -   File "/home/airflow/.local/lib/python3.12/site-packages/airflow/jobs/job.py", line 402, in run_job
    return execute_job(job, execute_callable=execute_callable)
[2024-08-18T00:48:26.191+0000] {logging_mixin.py:188} WARNING -   File "/home/airflow/.local/lib/python3.12/site-packages/airflow/jobs/job.py", line 431, in execute_job
    ret = execute_callable()
[2024-08-18T00:48:26.198+0000] {logging_mixin.py:188} WARNING -   File "/home/airflow/.local/lib/python3.12/site-packages/airflow/jobs/local_task_job_runner.py", line 168, in _execute
    self.task_runner.start()
[2024-08-18T00:48:26.207+0000] {logging_mixin.py:188} WARNING -   File "/home/airflow/.local/lib/python3.12/site-packages/airflow/task/task_runner/standard_task_runner.py", line 51, in start
    self.process = self._start_by_fork()
[2024-08-18T00:48:26.208+0000] {logging_mixin.py:188} WARNING -   File "/home/airflow/.local/lib/python3.12/site-packages/airflow/task/task_runner/standard_task_runner.py", line 103, in _start_by_fork
    ret = args.func(args, dag=self.dag)
[2024-08-18T00:48:26.208+0000] {logging_mixin.py:188} WARNING -   File "/home/airflow/.local/lib/python3.12/site-packages/airflow/cli/cli_config.py", line 49, in command
    return func(*args, **kwargs)
[2024-08-18T00:48:26.209+0000] {logging_mixin.py:188} WARNING -   File "/home/airflow/.local/lib/python3.12/site-packages/airflow/utils/cli.py", line 114, in wrapper
    return f(*args, **kwargs)
[2024-08-18T00:48:26.217+0000] {logging_mixin.py:188} WARNING -   File "/home/airflow/.local/lib/python3.12/site-packages/airflow/cli/commands/task_command.py", line 441, in task_run
    task_return_code = _run_task_by_selected_method(args, _dag, ti)
[2024-08-18T00:48:26.218+0000] {logging_mixin.py:188} WARNING -   File "/home/airflow/.local/lib/python3.12/site-packages/airflow/cli/commands/task_command.py", line 221, in _run_task_by_selected_method
    return _run_raw_task(args, ti)
[2024-08-18T00:48:26.219+0000] {logging_mixin.py:188} WARNING -   File "/home/airflow/.local/lib/python3.12/site-packages/airflow/cli/commands/task_command.py", line 300, in _run_raw_task
    return ti._run_raw_task(
[2024-08-18T00:48:26.220+0000] {logging_mixin.py:188} WARNING -   File "/home/airflow/.local/lib/python3.12/site-packages/airflow/utils/session.py", line 79, in wrapper
    return func(*args, session=session, **kwargs)
[2024-08-18T00:48:26.220+0000] {logging_mixin.py:188} WARNING -   File "/home/airflow/.local/lib/python3.12/site-packages/airflow/models/taskinstance.py", line 2479, in _run_raw_task
    self._execute_task_with_callbacks(context, test_mode, session=session)
[2024-08-18T00:48:26.227+0000] {logging_mixin.py:188} WARNING -   File "/home/airflow/.local/lib/python3.12/site-packages/airflow/models/taskinstance.py", line 2676, in _execute_task_with_callbacks
    result = self._execute_task(context, task_orig)
[2024-08-18T00:48:26.228+0000] {logging_mixin.py:188} WARNING -   File "/home/airflow/.local/lib/python3.12/site-packages/airflow/models/taskinstance.py", line 2701, in _execute_task
    return _execute_task(self, context, task_orig)
[2024-08-18T00:48:26.228+0000] {logging_mixin.py:188} WARNING -   File "/home/airflow/.local/lib/python3.12/site-packages/airflow/models/taskinstance.py", line 465, in _execute_task
    result = _execute_callable(context=context, **execute_callable_kwargs)
[2024-08-18T00:48:26.229+0000] {logging_mixin.py:188} WARNING -   File "/home/airflow/.local/lib/python3.12/site-packages/airflow/models/taskinstance.py", line 432, in _execute_callable
    return execute_callable(context=context, **execute_callable_kwargs)
[2024-08-18T00:48:26.229+0000] {logging_mixin.py:188} WARNING -   File "/home/airflow/.local/lib/python3.12/site-packages/airflow/models/baseoperator.py", line 400, in wrapper
    return func(self, *args, **kwargs)
[2024-08-18T00:48:26.230+0000] {logging_mixin.py:188} WARNING -   File "/home/airflow/.local/lib/python3.12/site-packages/airflow/operators/python.py", line 235, in execute
    return_value = self.execute_callable()
[2024-08-18T00:48:26.230+0000] {logging_mixin.py:188} WARNING -   File "/home/airflow/.local/lib/python3.12/site-packages/airflow/operators/python.py", line 252, in execute_callable
    return self.python_callable(*self.op_args, **self.op_kwargs)
[2024-08-18T00:48:26.231+0000] {logging_mixin.py:188} WARNING -   File "/opt/airflow/dags/tasks_2/predict_data.py", line 112, in predict_data
    save_model(forecast.scaler, country, f"{data_type}_scaler.pkl", bucket_name)
[2024-08-18T00:48:26.231+0000] {logging_mixin.py:188} WARNING -   File "/opt/airflow/dags/tasks_2/predict_data.py", line 44, in save_model
    logging.error("Ошибка при сохранении модели: ", e)
[2024-08-18T00:48:26.232+0000] {logging_mixin.py:188} WARNING -   File "/usr/local/lib/python3.12/logging/__init__.py", line 2183, in error
    root.error(msg, *args, **kwargs)
[2024-08-18T00:48:26.232+0000] {logging_mixin.py:188} WARNING -   File "/usr/local/lib/python3.12/logging/__init__.py", line 1568, in error
    self._log(ERROR, msg, args, **kwargs)
[2024-08-18T00:48:26.232+0000] {logging_mixin.py:188} WARNING -   File "/usr/local/lib/python3.12/logging/__init__.py", line 1684, in _log
    self.handle(record)
[2024-08-18T00:48:26.233+0000] {logging_mixin.py:188} WARNING -   File "/usr/local/lib/python3.12/logging/__init__.py", line 1700, in handle
    self.callHandlers(record)
[2024-08-18T00:48:26.233+0000] {logging_mixin.py:188} WARNING -   File "/usr/local/lib/python3.12/logging/__init__.py", line 1762, in callHandlers
    hdlr.handle(record)
[2024-08-18T00:48:26.233+0000] {logging_mixin.py:188} WARNING -   File "/usr/local/lib/python3.12/logging/__init__.py", line 1028, in handle
    self.emit(record)
[2024-08-18T00:48:26.234+0000] {logging_mixin.py:188} WARNING -   File "/home/airflow/.local/lib/python3.12/site-packages/airflow/utils/log/file_task_handler.py", line 248, in emit
    self.handler.emit(record)
[2024-08-18T00:48:26.234+0000] {logging_mixin.py:188} WARNING - Message: 'Ошибка при сохранении модели: '
Arguments: (EndpointConnectionError('Could not connect to the endpoint URL: "http://host.docker.internal:9000/covid19/models/Afghanistan/cases_scaler.pkl"'),)
[2024-08-18T00:48:26.277+0000] {base.py:84} INFO - Using connection ID 'minio_conn' for task execution.
[2024-08-18T00:48:26.278+0000] {connection_wrapper.py:387} INFO - AWS Connection (conn_id='minio_conn', conn_type='aws') credentials retrieved from extra.
[2024-08-18T00:48:30.586+0000] {local_task_job_runner.py:124} ERROR - Received SIGTERM. Terminating subprocesses
[2024-08-18T00:48:30.587+0000] {process_utils.py:132} INFO - Sending 15 to group 640. PIDs of all processes in the group: [640]
[2024-08-18T00:48:30.589+0000] {process_utils.py:87} INFO - Sending the signal 15 to group 640
[2024-08-18T00:48:30.592+0000] {taskinstance.py:2611} ERROR - Received SIGTERM. Terminating subprocesses.
[2024-08-18T00:48:31.990+0000] {taskinstance.py:441} INFO - ::group::Post task execution logs
